0 info it worked if it ends with ok
1 verbose cli [ '/usr/bin/nodejs', '/usr/bin/npm', 'publish', './' ]
2 info using npm@1.3.10
3 info using node@v0.10.25
4 verbose publish [ './' ]
5 verbose cache add [ './', null ]
6 verbose cache add name=undefined spec="./" args=["./",null]
7 verbose parsed url { protocol: null,
7 verbose parsed url   slashes: null,
7 verbose parsed url   auth: null,
7 verbose parsed url   host: null,
7 verbose parsed url   port: null,
7 verbose parsed url   hostname: null,
7 verbose parsed url   hash: null,
7 verbose parsed url   search: null,
7 verbose parsed url   query: null,
7 verbose parsed url   pathname: './',
7 verbose parsed url   path: './',
7 verbose parsed url   href: './' }
8 silly lockFile 0ee6c175- ./
9 verbose lock ./ /home/arkeidolon/.npm/0ee6c175-.lock
10 verbose tar pack [ '/home/arkeidolon/tmp/npm-24322-rM-qWsPP/1424773952089-0.9062420681584626/tmp.tgz',
10 verbose tar pack   './' ]
11 verbose tarball /home/arkeidolon/tmp/npm-24322-rM-qWsPP/1424773952089-0.9062420681584626/tmp.tgz
12 verbose folder ./
13 silly lockFile 04cb2bca-tar tar://./
14 verbose lock tar://./ /home/arkeidolon/.npm/04cb2bca-tar.lock
15 silly lockFile f984ad01-52089-0-9062420681584626-tmp-tgz tar:///home/arkeidolon/tmp/npm-24322-rM-qWsPP/1424773952089-0.9062420681584626/tmp.tgz
16 verbose lock tar:///home/arkeidolon/tmp/npm-24322-rM-qWsPP/1424773952089-0.9062420681584626/tmp.tgz /home/arkeidolon/.npm/f984ad01-52089-0-9062420681584626-tmp-tgz.lock
17 silly lockFile 04cb2bca-tar tar://./
18 silly lockFile 04cb2bca-tar tar://./
19 silly lockFile f984ad01-52089-0-9062420681584626-tmp-tgz tar:///home/arkeidolon/tmp/npm-24322-rM-qWsPP/1424773952089-0.9062420681584626/tmp.tgz
20 silly lockFile f984ad01-52089-0-9062420681584626-tmp-tgz tar:///home/arkeidolon/tmp/npm-24322-rM-qWsPP/1424773952089-0.9062420681584626/tmp.tgz
21 verbose tar unpack /home/arkeidolon/tmp/npm-24322-rM-qWsPP/1424773952089-0.9062420681584626/tmp.tgz
22 silly lockFile 98dbf641-52089-0-9062420681584626-package tar:///home/arkeidolon/tmp/npm-24322-rM-qWsPP/1424773952089-0.9062420681584626/package
23 verbose lock tar:///home/arkeidolon/tmp/npm-24322-rM-qWsPP/1424773952089-0.9062420681584626/package /home/arkeidolon/.npm/98dbf641-52089-0-9062420681584626-package.lock
24 silly lockFile f984ad01-52089-0-9062420681584626-tmp-tgz tar:///home/arkeidolon/tmp/npm-24322-rM-qWsPP/1424773952089-0.9062420681584626/tmp.tgz
25 verbose lock tar:///home/arkeidolon/tmp/npm-24322-rM-qWsPP/1424773952089-0.9062420681584626/tmp.tgz /home/arkeidolon/.npm/f984ad01-52089-0-9062420681584626-tmp-tgz.lock
26 silly gunzTarPerm modes [ '755', '644' ]
27 silly gunzTarPerm extractEntry package.json
28 silly gunzTarPerm modified mode [ 'package.json', 436, 420 ]
29 silly gunzTarPerm extractEntry .npmignore
30 silly gunzTarPerm modified mode [ '.npmignore', 436, 420 ]
31 silly gunzTarPerm extractEntry README.md
32 silly gunzTarPerm modified mode [ 'README.md', 436, 420 ]
33 silly gunzTarPerm extractEntry pretty-lists.js
34 silly gunzTarPerm modified mode [ 'pretty-lists.js', 436, 420 ]
35 silly gunzTarPerm extractEntry lib/PrettyLists.js
36 silly gunzTarPerm modified mode [ 'lib/PrettyLists.js', 436, 420 ]
37 silly gunzTarPerm extractEntry lib/Test.js
38 silly gunzTarPerm modified mode [ 'lib/Test.js', 436, 420 ]
39 silly lockFile 98dbf641-52089-0-9062420681584626-package tar:///home/arkeidolon/tmp/npm-24322-rM-qWsPP/1424773952089-0.9062420681584626/package
40 silly lockFile 98dbf641-52089-0-9062420681584626-package tar:///home/arkeidolon/tmp/npm-24322-rM-qWsPP/1424773952089-0.9062420681584626/package
41 silly lockFile f984ad01-52089-0-9062420681584626-tmp-tgz tar:///home/arkeidolon/tmp/npm-24322-rM-qWsPP/1424773952089-0.9062420681584626/tmp.tgz
42 silly lockFile f984ad01-52089-0-9062420681584626-tmp-tgz tar:///home/arkeidolon/tmp/npm-24322-rM-qWsPP/1424773952089-0.9062420681584626/tmp.tgz
43 verbose tar pack [ '/home/arkeidolon/.npm/pretty-lists/1.0.0/package.tgz',
43 verbose tar pack   '/home/arkeidolon/tmp/npm-24322-rM-qWsPP/1424773952089-0.9062420681584626/package' ]
44 verbose tarball /home/arkeidolon/.npm/pretty-lists/1.0.0/package.tgz
45 verbose folder /home/arkeidolon/tmp/npm-24322-rM-qWsPP/1424773952089-0.9062420681584626/package
46 silly lockFile 98dbf641-52089-0-9062420681584626-package tar:///home/arkeidolon/tmp/npm-24322-rM-qWsPP/1424773952089-0.9062420681584626/package
47 verbose lock tar:///home/arkeidolon/tmp/npm-24322-rM-qWsPP/1424773952089-0.9062420681584626/package /home/arkeidolon/.npm/98dbf641-52089-0-9062420681584626-package.lock
48 silly lockFile 55c7a45c-m-pretty-lists-1-0-0-package-tgz tar:///home/arkeidolon/.npm/pretty-lists/1.0.0/package.tgz
49 verbose lock tar:///home/arkeidolon/.npm/pretty-lists/1.0.0/package.tgz /home/arkeidolon/.npm/55c7a45c-m-pretty-lists-1-0-0-package-tgz.lock
50 silly lockFile 98dbf641-52089-0-9062420681584626-package tar:///home/arkeidolon/tmp/npm-24322-rM-qWsPP/1424773952089-0.9062420681584626/package
51 silly lockFile 98dbf641-52089-0-9062420681584626-package tar:///home/arkeidolon/tmp/npm-24322-rM-qWsPP/1424773952089-0.9062420681584626/package
52 silly lockFile 55c7a45c-m-pretty-lists-1-0-0-package-tgz tar:///home/arkeidolon/.npm/pretty-lists/1.0.0/package.tgz
53 silly lockFile 55c7a45c-m-pretty-lists-1-0-0-package-tgz tar:///home/arkeidolon/.npm/pretty-lists/1.0.0/package.tgz
54 silly lockFile 0fd0697e-n-npm-pretty-lists-1-0-0-package /home/arkeidolon/.npm/pretty-lists/1.0.0/package
55 verbose lock /home/arkeidolon/.npm/pretty-lists/1.0.0/package /home/arkeidolon/.npm/0fd0697e-n-npm-pretty-lists-1-0-0-package.lock
56 silly lockFile 0fd0697e-n-npm-pretty-lists-1-0-0-package /home/arkeidolon/.npm/pretty-lists/1.0.0/package
57 silly lockFile 0fd0697e-n-npm-pretty-lists-1-0-0-package /home/arkeidolon/.npm/pretty-lists/1.0.0/package
58 verbose tar unpack /home/arkeidolon/.npm/pretty-lists/1.0.0/package.tgz
59 silly lockFile 0c8b97a5-n-npm-pretty-lists-1-0-0-package tar:///home/arkeidolon/.npm/pretty-lists/1.0.0/package
60 verbose lock tar:///home/arkeidolon/.npm/pretty-lists/1.0.0/package /home/arkeidolon/.npm/0c8b97a5-n-npm-pretty-lists-1-0-0-package.lock
61 silly lockFile 55c7a45c-m-pretty-lists-1-0-0-package-tgz tar:///home/arkeidolon/.npm/pretty-lists/1.0.0/package.tgz
62 verbose lock tar:///home/arkeidolon/.npm/pretty-lists/1.0.0/package.tgz /home/arkeidolon/.npm/55c7a45c-m-pretty-lists-1-0-0-package-tgz.lock
63 silly gunzTarPerm modes [ '755', '644' ]
64 silly gunzTarPerm extractEntry package.json
65 silly gunzTarPerm extractEntry .npmignore
66 silly gunzTarPerm extractEntry README.md
67 silly gunzTarPerm extractEntry pretty-lists.js
68 silly gunzTarPerm extractEntry lib/PrettyLists.js
69 silly gunzTarPerm extractEntry lib/Test.js
70 silly lockFile 0c8b97a5-n-npm-pretty-lists-1-0-0-package tar:///home/arkeidolon/.npm/pretty-lists/1.0.0/package
71 silly lockFile 0c8b97a5-n-npm-pretty-lists-1-0-0-package tar:///home/arkeidolon/.npm/pretty-lists/1.0.0/package
72 silly lockFile 55c7a45c-m-pretty-lists-1-0-0-package-tgz tar:///home/arkeidolon/.npm/pretty-lists/1.0.0/package.tgz
73 silly lockFile 55c7a45c-m-pretty-lists-1-0-0-package-tgz tar:///home/arkeidolon/.npm/pretty-lists/1.0.0/package.tgz
74 verbose chmod /home/arkeidolon/.npm/pretty-lists/1.0.0/package.tgz 644
75 verbose chown /home/arkeidolon/.npm/pretty-lists/1.0.0/package.tgz [ 1000, 1000 ]
76 silly lockFile 0ee6c175- ./
77 silly lockFile 0ee6c175- ./
78 silly publish { name: 'pretty-lists',
78 silly publish   version: '1.0.0',
78 silly publish   description: 'Make lists pretty',
78 silly publish   scripts: { build: 'watchify -t -o pretty-lists.js lib/PrettyLists.js -v' },
78 silly publish   repository:
78 silly publish    { type: 'git',
78 silly publish      url: 'https://github.com/arkeidolon/pretty-lists.git' },
78 silly publish   bugs: { url: 'https://github.com/arkeidolon/pretty-lists/issues' },
78 silly publish   homepage: 'https://github.com/arkeidolon/pretty-lists',
78 silly publish   dependencies: { pluralize: '~1.1.2' },
78 silly publish   devDependencies: { watchify: '~2.4.0' },
78 silly publish   main: 'pretty-lists.js',
78 silly publish   keywords: [ 'pretty', 'list', 'array', 'format' ],
78 silly publish   author:
78 silly publish    { name: 'Clarke Benedict Tapay Plumo',
78 silly publish      email: 'clarke.plumo@gmail.com',
78 silly publish      url: 'http://githuv.com/arkeidolon' },
78 silly publish   license: 'BSD-2-Clause',
78 silly publish   readme: '# Pretty Lists\nJavaScript library for making lists pretty\n\n## Example\n\n``` javascript\nvar prettyList = require(\'pretty-lists/pretty-lists\');\n\nvar items = [\n\t{\n\t\tname: \'Clarke\',\n\t\temail: \'clarke.plumo@gmail.com\'\n\t},\n\t{\n\t\tname: \'Person1\',\n\t\temail: \'person1@prettylists.com\'\n\t},\n\t{\n\t\tname: \'Person2\',\n\t\temail: \'person2@prettylists.com\'\n\t},\n\t{\n\t\tname: \'Person3\',\n\t\temail: \'person3@prettylists.com\'\n\t},\n\t{\n\t\tname: \'Person4\',\n\t\temail: \'person4@prettylists.com\'\n\t},\n]\n\nconsole.log(prettyList.format1(items, \'name\'));\n\n```\n\n### Output\n\n    Clarke, Person1 and 3 others\n',
78 silly publish   readmeFilename: 'README.md',
78 silly publish   _id: 'pretty-lists@1.0.0',
78 silly publish   dist: { shasum: 'cfea78c321634f793c48e577c91739569324eea7' },
78 silly publish   _from: './' }
79 verbose url raw pretty-lists
80 verbose url resolving [ 'https://registry.npmjs.org/', './pretty-lists' ]
81 verbose url resolved https://registry.npmjs.org/pretty-lists
82 info trying registry request attempt 1 at 18:32:32
83 http PUT https://registry.npmjs.org/pretty-lists
84 http 201 https://registry.npmjs.org/pretty-lists
85 verbose url raw pretty-lists
86 verbose url resolving [ 'https://registry.npmjs.org/', './pretty-lists' ]
87 verbose url resolved https://registry.npmjs.org/pretty-lists
88 info trying registry request attempt 1 at 18:32:33
89 http GET https://registry.npmjs.org/pretty-lists
90 http 200 https://registry.npmjs.org/pretty-lists
91 error publish fail Cannot publish over existing version.
91 error publish fail Update the 'version' field in package.json and try again.
91 error publish fail
91 error publish fail If the previous version was published in error, see:
91 error publish fail     npm help unpublish
91 error publish fail
91 error publish fail To automatically increment version numbers, see:
91 error publish fail     npm help version
92 error System Linux 3.13.0-45-generic
93 error command "/usr/bin/nodejs" "/usr/bin/npm" "publish" "./"
94 error cwd /home/arkeidolon/Documents/javascript/pretty-lists
95 error node -v v0.10.25
96 error npm -v 1.3.10
97 error code EPUBLISHCONFLICT
98 verbose exit [ 1, true ]
